<?xml version="1.0" encoding="UTF-8"?>
<testsuite xmlns:xsi="http://www.w3.org/2001/XMLSchema-instance" xsi:noNamespaceSchemaLocation="https://maven.apache.org/surefire/maven-surefire-plugin/xsd/surefire-test-report.xsd" version="3.0.1" name="com.example.test" time="0.034" tests="2" errors="0" skipped="0" failures="0">
  <properties>
[...]
</properties>
  <testcase name="testLibro" classname="com.example.test" time="0.015">
    <system-out><![CDATA[El libro 'Cien Años de Soledad' ha sido prestado.
El libro 'Cien Años de Soledad' ha sido devuelto.
]]></system-out>
  </testcase>
  <testcase name="testBiblioteca" classname="com.example.test" time="0.002">
    <system-out><![CDATA[El libro 'El Quijote' ha sido prestado.
El libro 'El Quijote' ha sido devuelto.
]]></system-out>
  </testcase>
</testsuite>